\BOOKMARK [0][]{chapter*.1}{\376\377\000A\000c\000k\000n\000o\000w\000l\000e\000d\000g\000e\000m\000e\000n\000t\000s}{}% 1
\BOOKMARK [0][]{chapter*.2}{\376\377\000R\000e\000s\000u\000m\000o}{}% 2
\BOOKMARK [0][]{chapter*.3}{\376\377\000A\000b\000s\000t\000r\000a\000c\000t}{}% 3
\BOOKMARK [0][]{chapter*.6}{\376\377\000L\000i\000s\000t\000\040\000o\000f\000\040\000A\000c\000r\000o\000n\000y\000m\000s}{}% 4
\BOOKMARK [0][]{chapter*.7}{\376\377\000L\000i\000s\000t\000\040\000o\000f\000\040\000F\000i\000g\000u\000r\000e\000s}{}% 5
\BOOKMARK [0][]{chapter*.8}{\376\377\000L\000i\000s\000t\000\040\000o\000f\000\040\000T\000a\000b\000l\000e\000s}{}% 6
\BOOKMARK [0][]{chapter.1}{\376\377\0001\000\040\000I\000n\000t\000r\000o\000d\000u\000c\000t\000i\000o\000n}{}% 7
\BOOKMARK [1][]{section.1.1}{\376\377\0001\000.\0001\000\040\000C\000o\000n\000t\000e\000x\000t\000u\000a\000l\000i\000z\000a\000t\000i\000o\000n}{chapter.1}% 8
\BOOKMARK [1][]{section.1.2}{\376\377\0001\000.\0002\000\040\000P\000r\000o\000b\000l\000e\000m\000\040\000S\000t\000a\000t\000e\000m\000e\000n\000t}{chapter.1}% 9
\BOOKMARK [0][]{chapter.2}{\376\377\0002\000\040\000R\000e\000l\000a\000t\000e\000d\000\040\000W\000o\000r\000k}{}% 10
\BOOKMARK [1][]{section.2.1}{\376\377\0002\000.\0001\000\040\000S\000u\000b\000j\000e\000c\000t\000i\000v\000e\000\040\000I\000Q\000A}{chapter.2}% 11
\BOOKMARK [2][]{subsection.2.1.1}{\376\377\0002\000.\0001\000.\0001\000\040\000A\000s\000s\000e\000s\000s\000m\000e\000n\000t\000\040\000P\000r\000o\000t\000o\000c\000o\000l\000s}{section.2.1}% 12
\BOOKMARK [2][]{subsection.2.1.2}{\376\377\0002\000.\0001\000.\0002\000\040\000C\000r\000o\000w\000d\000s\000o\000u\000r\000c\000i\000n\000g}{section.2.1}% 13
\BOOKMARK [2][]{subsection.2.1.3}{\376\377\0002\000.\0001\000.\0003\000\040\000B\000e\000n\000c\000h\000m\000a\000r\000k\000\040\000D\000a\000t\000a\000s\000e\000t\000s}{section.2.1}% 14
\BOOKMARK [1][]{section.2.2}{\376\377\0002\000.\0002\000\040\000O\000b\000j\000e\000c\000t\000i\000v\000e\000\040\000I\000Q\000A}{chapter.2}% 15
\BOOKMARK [2][]{subsection.2.2.1}{\376\377\0002\000.\0002\000.\0001\000\040\000F\000u\000l\000l\000-\000R\000e\000f\000e\000r\000e\000n\000c\000e\000\040\000I\000Q\000A}{section.2.2}% 16
\BOOKMARK [2][]{subsection.2.2.2}{\376\377\0002\000.\0002\000.\0002\000\040\000N\000o\000-\000R\000e\000f\000e\000r\000e\000n\000c\000e\000\040\000I\000Q\000A}{section.2.2}% 17
\BOOKMARK [2][]{subsection.2.2.3}{\376\377\0002\000.\0002\000.\0003\000\040\000F\000u\000s\000i\000o\000n\000-\000B\000a\000s\000e\000d\000\040\000I\000Q\000A\000\040\000M\000o\000d\000e\000l\000s}{section.2.2}% 18
\BOOKMARK [1][]{section.2.3}{\376\377\0002\000.\0003\000\040\000F\000a\000c\000i\000a\000l\000\040\000I\000m\000a\000g\000e\000\040\000Q\000u\000a\000l\000i\000t\000y\000\040\000a\000s\000s\000e\000s\000s\000m\000e\000n\000t}{chapter.2}% 19
\BOOKMARK [0][]{chapter.3}{\376\377\0003\000\040\000P\000r\000o\000b\000l\000e\000m\000\040\000S\000t\000a\000t\000e\000m\000e\000n\000t\000\040\040\024\000\040\000O\000b\000j\000e\000c\000t\000i\000v\000e\000\040\000v\000s\000\040\000S\000u\000b\000j\000e\000c\000t\000i\000v\000e}{}% 20
\BOOKMARK [1][]{section.3.1}{\376\377\0003\000.\0001\000\040\000I\000n\000t\000r\000o\000d\000u\000c\000t\000i\000o\000n}{chapter.3}% 21
\BOOKMARK [2][]{subsection.3.1.1}{\376\377\0003\000.\0001\000.\0001\000\040\000L\000i\000m\000i\000t\000a\000t\000i\000o\000n\000s\000\040\000o\000f\000\040\000O\000b\000j\000e\000c\000t\000i\000v\000e\000\040\000M\000e\000t\000r\000i\000c\000s}{section.3.1}% 22
\BOOKMARK [2][]{subsection.3.1.2}{\376\377\0003\000.\0001\000.\0002\000\040\000V\000i\000s\000u\000a\000l\000i\000z\000a\000t\000i\000o\000n\000\040\000o\000f\000\040\000t\000h\000e\000\040\000D\000i\000s\000c\000r\000e\000p\000a\000n\000c\000y}{section.3.1}% 23
\BOOKMARK [1][]{section.3.2}{\376\377\0003\000.\0002\000\040\000D\000i\000f\000f\000i\000c\000u\000l\000t\000i\000e\000s\000\040\000w\000i\000t\000h\000\040\000F\000I\000Q\000A}{chapter.3}% 24
\BOOKMARK [2][]{subsection.3.2.1}{\376\377\0003\000.\0002\000.\0001\000\040\000B\000i\000a\000s\000\040\000i\000n\000\040\000H\000u\000m\000a\000n\000\040\000P\000e\000r\000c\000e\000p\000t\000i\000o\000n}{section.3.2}% 25
\BOOKMARK [2][]{subsection.3.2.2}{\376\377\0003\000.\0002\000.\0002\000\040\000R\000e\000g\000i\000o\000n\000-\000S\000p\000e\000c\000i\000f\000i\000c\000\040\000S\000e\000n\000s\000i\000t\000i\000v\000i\000t\000i\000e\000s}{section.3.2}% 26
\BOOKMARK [2][]{subsection.3.2.3}{\376\377\0003\000.\0002\000.\0003\000\040\000D\000a\000t\000a\000s\000e\000t\000\040\000C\000o\000m\000p\000l\000e\000x\000i\000t\000y}{section.3.2}% 27
\BOOKMARK [2][]{subsection.3.2.4}{\376\377\0003\000.\0002\000.\0004\000\040\000I\000m\000p\000a\000c\000t\000\040\000o\000n\000\040\000S\000e\000c\000u\000r\000e\000\040\000A\000p\000p\000l\000i\000c\000a\000t\000i\000o\000n\000s}{section.3.2}% 28
\BOOKMARK [0][]{chapter.4}{\376\377\0004\000\040\000M\000e\000t\000h\000o\000d\000o\000l\000o\000g\000y}{}% 29
\BOOKMARK [1][]{section.4.1}{\376\377\0004\000.\0001\000\040\000D\000a\000t\000a\000s\000e\000t\000\040\000C\000r\000e\000a\000t\000i\000o\000n}{chapter.4}% 30
\BOOKMARK [2][]{subsection.4.1.1}{\376\377\0004\000.\0001\000.\0001\000\040\000O\000v\000e\000r\000v\000i\000e\000w\000\040\000o\000f\000\040\000t\000h\000e\000\040\000D\000a\000t\000a\000s\000e\000t}{section.4.1}% 31
\BOOKMARK [2][]{subsection.4.1.2}{\376\377\0004\000.\0001\000.\0002\000\040\000C\000h\000a\000l\000l\000e\000n\000g\000e\000s\000\040\000i\000n\000\040\000D\000a\000t\000a\000s\000e\000t\000\040\000P\000r\000e\000p\000a\000r\000a\000t\000i\000o\000n}{section.4.1}% 32
\BOOKMARK [2][]{subsection.4.1.3}{\376\377\0004\000.\0001\000.\0003\000\040\000D\000a\000t\000a\000s\000e\000t\000\040\000O\000r\000g\000a\000n\000i\000z\000a\000t\000i\000o\000n}{section.4.1}% 33
\BOOKMARK [1][]{section.4.2}{\376\377\0004\000.\0002\000\040\000M\000O\000S\000\040\000D\000a\000t\000a\000\040\000C\000o\000l\000l\000e\000c\000t\000i\000o\000n}{chapter.4}% 34
\BOOKMARK [2][]{subsection.4.2.1}{\376\377\0004\000.\0002\000.\0001\000\040\000O\000b\000s\000e\000r\000v\000e\000r\000\040\000S\000e\000l\000e\000c\000t\000i\000o\000n}{section.4.2}% 35
\BOOKMARK [2][]{subsection.4.2.2}{\376\377\0004\000.\0002\000.\0002\000\040\000V\000i\000e\000w\000i\000n\000g\000\040\000C\000o\000n\000d\000i\000t\000i\000o\000n\000s}{section.4.2}% 36
\BOOKMARK [2][]{subsection.4.2.3}{\376\377\0004\000.\0002\000.\0003\000\040\000E\000v\000a\000l\000u\000a\000t\000i\000o\000n\000\040\000M\000e\000t\000h\000o\000d\000o\000l\000o\000g\000y}{section.4.2}% 37
\BOOKMARK [2][]{subsection.4.2.4}{\376\377\0004\000.\0002\000.\0004\000\040\000P\000o\000s\000t\000-\000S\000c\000r\000e\000e\000n\000i\000n\000g\000\040\000a\000n\000d\000\040\000S\000t\000a\000t\000i\000s\000t\000i\000c\000a\000l\000\040\000A\000n\000a\000l\000y\000s\000i\000s}{section.4.2}% 38
\BOOKMARK [1][]{section.4.3}{\376\377\0004\000.\0003\000\040\000O\000b\000j\000e\000c\000t\000i\000v\000e\000\040\000I\000Q\000A\000\040\000E\000v\000a\000l\000u\000a\000t\000i\000o\000n}{chapter.4}% 39
\BOOKMARK [2][]{subsection.4.3.1}{\376\377\0004\000.\0003\000.\0001\000\040\000S\000e\000l\000e\000c\000t\000e\000d\000\040\000M\000e\000t\000r\000i\000c\000s}{section.4.3}% 40
\BOOKMARK [2][]{subsection.4.3.2}{\376\377\0004\000.\0003\000.\0002\000\040\000C\000o\000m\000p\000u\000t\000a\000t\000i\000o\000n\000\040\000W\000o\000r\000k\000f\000l\000o\000w}{section.4.3}% 41
\BOOKMARK [2][]{subsection.4.3.3}{\376\377\0004\000.\0003\000.\0003\000\040\000C\000o\000r\000r\000e\000l\000a\000t\000i\000o\000n\000\040\000A\000n\000a\000l\000y\000s\000i\000s}{section.4.3}% 42
\BOOKMARK [2][]{subsection.4.3.4}{\376\377\0004\000.\0003\000.\0004\000\040\000I\000n\000s\000i\000g\000h\000t\000s\000\040\000f\000r\000o\000m\000\040\000O\000b\000j\000e\000c\000t\000i\000v\000e\000\040\000M\000e\000t\000r\000i\000c\000s}{section.4.3}% 43
\BOOKMARK [1][]{section.4.4}{\376\377\0004\000.\0004\000\040\000H\000o\000w\000\040\000t\000o\000\040\000C\000r\000e\000a\000t\000e\000\040\000a\000\040\000N\000e\000w\000\040\000M\000e\000t\000r\000i\000c}{chapter.4}% 44
\BOOKMARK [2][]{subsection.4.4.1}{\376\377\0004\000.\0004\000.\0001\000\040\000M\000e\000t\000r\000i\000c\000\040\000S\000e\000l\000e\000c\000t\000i\000o\000n}{section.4.4}% 45
\BOOKMARK [2][]{subsection.4.4.2}{\376\377\0004\000.\0004\000.\0002\000\040\000F\000u\000s\000i\000o\000n\000\040\000F\000r\000a\000m\000e\000w\000o\000r\000k}{section.4.4}% 46
\BOOKMARK [2][]{subsection.4.4.3}{\376\377\0004\000.\0004\000.\0003\000\040\000V\000a\000l\000i\000d\000a\000t\000i\000o\000n\000\040\000o\000f\000\040\000t\000h\000e\000\040\000F\000u\000s\000i\000o\000n\000\040\000M\000e\000t\000r\000i\000c}{section.4.4}% 47
\BOOKMARK [2][]{subsection.4.4.4}{\376\377\0004\000.\0004\000.\0004\000\040\000N\000o\000-\000R\000e\000f\000e\000r\000e\000n\000c\000e\000\040\000M\000e\000t\000r\000i\000c\000\040\000D\000e\000v\000e\000l\000o\000p\000m\000e\000n\000t}{section.4.4}% 48
\BOOKMARK [2][]{subsection.4.4.5}{\376\377\0004\000.\0004\000.\0005\000\040\000I\000n\000s\000i\000g\000h\000t\000s\000\040\000f\000o\000r\000\040\000M\000e\000t\000r\000i\000c\000\040\000D\000e\000s\000i\000g\000n}{section.4.4}% 49
\BOOKMARK [0][]{chapter.5}{\376\377\0005\000\040\000D\000e\000v\000e\000l\000o\000p\000m\000e\000n\000t\000\040\000o\000f\000\040\000t\000h\000e\000\040\000F\000u\000l\000l\000-\000R\000e\000f\000e\000r\000e\000n\000c\000e\000\040\000M\000e\000t\000r\000i\000c}{}% 50
\BOOKMARK [1][]{section.5.1}{\376\377\0005\000.\0001\000\040\000I\000n\000t\000r\000o\000d\000u\000c\000t\000i\000o\000n}{chapter.5}% 51
\BOOKMARK [1][]{section.5.2}{\376\377\0005\000.\0002\000\040\000M\000e\000t\000r\000i\000c\000\040\000S\000e\000l\000e\000c\000t\000i\000o\000n}{chapter.5}% 52
\BOOKMARK [2][]{subsection.5.2.1}{\376\377\0005\000.\0002\000.\0001\000\040\000C\000o\000r\000r\000e\000l\000a\000t\000i\000o\000n\000\040\000A\000n\000a\000l\000y\000s\000i\000s}{section.5.2}% 53
\BOOKMARK [1][]{section.5.3}{\376\377\0005\000.\0003\000\040\000F\000u\000s\000i\000o\000n\000\040\000M\000e\000t\000h\000o\000d\000o\000l\000o\000g\000y}{chapter.5}% 54
\BOOKMARK [2][]{subsection.5.3.1}{\376\377\0005\000.\0003\000.\0001\000\040\000N\000o\000r\000m\000a\000l\000i\000z\000a\000t\000i\000o\000n}{section.5.3}% 55
\BOOKMARK [2][]{subsection.5.3.2}{\376\377\0005\000.\0003\000.\0002\000\040\000W\000e\000i\000g\000h\000t\000\040\000A\000s\000s\000i\000g\000n\000m\000e\000n\000t}{section.5.3}% 56
\BOOKMARK [2][]{subsection.5.3.3}{\376\377\0005\000.\0003\000.\0003\000\040\000F\000u\000s\000i\000o\000n\000\040\000E\000q\000u\000a\000t\000i\000o\000n}{section.5.3}% 57
\BOOKMARK [1][]{section.5.4}{\376\377\0005\000.\0004\000\040\000V\000a\000l\000i\000d\000a\000t\000i\000o\000n\000\040\000o\000f\000\040\000t\000h\000e\000\040\000F\000R\000F\000M}{chapter.5}% 58
\BOOKMARK [2][]{subsection.5.4.1}{\376\377\0005\000.\0004\000.\0001\000\040\000P\000e\000r\000f\000o\000r\000m\000a\000n\000c\000e\000\040\000M\000e\000t\000r\000i\000c\000s}{section.5.4}% 59
\BOOKMARK [0][]{chapter.6}{\376\377\0006\000\040\000N\000o\000-\000R\000e\000f\000e\000r\000e\000n\000c\000e\000\040\000M\000e\000t\000r\000i\000c\000\040\000D\000e\000s\000i\000g\000n}{}% 60
\BOOKMARK [1][]{section.6.1}{\376\377\0006\000.\0001\000\040\000I\000n\000t\000r\000o\000d\000u\000c\000t\000i\000o\000n}{chapter.6}% 61
\BOOKMARK [1][]{section.6.2}{\376\377\0006\000.\0002\000\040\000T\000r\000a\000i\000n\000i\000n\000g\000\040\000F\000r\000a\000m\000e\000w\000o\000r\000k}{chapter.6}% 62
\BOOKMARK [2][]{subsection.6.2.1}{\376\377\0006\000.\0002\000.\0001\000\040\000D\000a\000t\000a\000s\000e\000t\000\040\000P\000r\000e\000p\000a\000r\000a\000t\000i\000o\000n}{section.6.2}% 63
\BOOKMARK [2][]{subsection.6.2.2}{\376\377\0006\000.\0002\000.\0002\000\040\000M\000o\000d\000e\000l\000\040\000A\000r\000c\000h\000i\000t\000e\000c\000t\000u\000r\000e}{section.6.2}% 64
\BOOKMARK [2][]{subsection.6.2.3}{\376\377\0006\000.\0002\000.\0003\000\040\000L\000o\000s\000s\000\040\000F\000u\000n\000c\000t\000i\000o\000n}{section.6.2}% 65
\BOOKMARK [1][]{section.6.3}{\376\377\0006\000.\0003\000\040\000V\000a\000l\000i\000d\000a\000t\000i\000o\000n\000\040\000a\000n\000d\000\040\000T\000e\000s\000t\000i\000n\000g}{chapter.6}% 66
\BOOKMARK [2][]{subsection.6.3.1}{\376\377\0006\000.\0003\000.\0001\000\040\000E\000v\000a\000l\000u\000a\000t\000i\000o\000n\000\040\000M\000e\000t\000r\000i\000c\000s}{section.6.3}% 67
\BOOKMARK [2][]{subsection.6.3.2}{\376\377\0006\000.\0003\000.\0002\000\040\000Q\000u\000a\000l\000i\000t\000a\000t\000i\000v\000e\000\040\000E\000v\000a\000l\000u\000a\000t\000i\000o\000n}{section.6.3}% 68
\BOOKMARK [0][]{chapter.7}{\376\377\0007\000\040\000R\000e\000s\000u\000l\000t\000s\000\040\000a\000n\000d\000\040\000D\000i\000s\000c\000u\000s\000s\000i\000o\000n}{}% 69
\BOOKMARK [1][]{section.7.1}{\376\377\0007\000.\0001\000\040\000I\000n\000t\000r\000o\000d\000u\000c\000t\000i\000o\000n}{chapter.7}% 70
\BOOKMARK [1][]{section.7.2}{\376\377\0007\000.\0002\000\040\000P\000e\000r\000f\000o\000r\000m\000a\000n\000c\000e\000\040\000E\000v\000a\000l\000u\000a\000t\000i\000o\000n\000\040\000o\000f\000\040\000F\000R\000F\000M}{chapter.7}% 71
\BOOKMARK [2][]{subsection.7.2.1}{\376\377\0007\000.\0002\000.\0001\000\040\000C\000o\000r\000r\000e\000l\000a\000t\000i\000o\000n\000\040\000w\000i\000t\000h\000\040\000M\000O\000S}{section.7.2}% 72
\BOOKMARK [2][]{subsection.7.2.2}{\376\377\0007\000.\0002\000.\0002\000\040\000P\000e\000r\000f\000o\000r\000m\000a\000n\000c\000e\000\040\000o\000n\000\040\000S\000t\000e\000g\000a\000n\000o\000g\000r\000a\000p\000h\000y\000-\000E\000n\000c\000o\000d\000e\000d\000\040\000I\000m\000a\000g\000e\000s}{section.7.2}% 73
\BOOKMARK [2][]{subsection.7.2.3}{\376\377\0007\000.\0002\000.\0003\000\040\000V\000i\000s\000u\000a\000l\000\040\000A\000n\000a\000l\000y\000s\000i\000s}{section.7.2}% 74
\BOOKMARK [1][]{section.7.3}{\376\377\0007\000.\0003\000\040\000P\000e\000r\000f\000o\000r\000m\000a\000n\000c\000e\000\040\000E\000v\000a\000l\000u\000a\000t\000i\000o\000n\000\040\000o\000f\000\040\000N\000R\000M}{chapter.7}% 75
\BOOKMARK [2][]{subsection.7.3.1}{\376\377\0007\000.\0003\000.\0001\000\040\000C\000o\000r\000r\000e\000l\000a\000t\000i\000o\000n\000\040\000w\000i\000t\000h\000\040\000M\000O\000S}{section.7.3}% 76
\BOOKMARK [2][]{subsection.7.3.2}{\376\377\0007\000.\0003\000.\0002\000\040\000G\000e\000n\000e\000r\000a\000l\000i\000z\000a\000t\000i\000o\000n\000\040\000A\000c\000r\000o\000s\000s\000\040\000D\000i\000s\000t\000o\000r\000t\000i\000o\000n\000s}{section.7.3}% 77
\BOOKMARK [2][]{subsection.7.3.3}{\376\377\0007\000.\0003\000.\0003\000\040\000Q\000u\000a\000l\000i\000t\000a\000t\000i\000v\000e\000\040\000E\000v\000a\000l\000u\000a\000t\000i\000o\000n}{section.7.3}% 78
\BOOKMARK [1][]{section.7.4}{\376\377\0007\000.\0004\000\040\000C\000o\000m\000p\000a\000r\000i\000s\000o\000n\000\040\000B\000e\000t\000w\000e\000e\000n\000\040\000F\000R\000F\000M\000\040\000a\000n\000d\000\040\000N\000R\000M}{chapter.7}% 79
\BOOKMARK [1][]{section.7.5}{\376\377\0007\000.\0005\000\040\000D\000i\000s\000c\000u\000s\000s\000i\000o\000n}{chapter.7}% 80
\BOOKMARK [2][]{subsection.7.5.1}{\376\377\0007\000.\0005\000.\0001\000\040\000K\000e\000y\000\040\000I\000n\000s\000i\000g\000h\000t\000s}{section.7.5}% 81
\BOOKMARK [2][]{subsection.7.5.2}{\376\377\0007\000.\0005\000.\0002\000\040\000L\000i\000m\000i\000t\000a\000t\000i\000o\000n\000s\000\040\000a\000n\000d\000\040\000F\000u\000t\000u\000r\000e\000\040\000W\000o\000r\000k}{section.7.5}% 82
\BOOKMARK [0][]{chapter.8}{\376\377\0008\000\040\000C\000o\000n\000c\000l\000u\000s\000i\000o\000n\000\040\000a\000n\000d\000\040\000F\000u\000t\000u\000r\000e\000\040\000W\000o\000r\000k}{}% 83
\BOOKMARK [1][]{section.8.1}{\376\377\0008\000.\0001\000\040\000C\000o\000n\000c\000l\000u\000s\000i\000o\000n}{chapter.8}% 84
\BOOKMARK [1][]{section.8.2}{\376\377\0008\000.\0002\000\040\000F\000u\000t\000u\000r\000e\000\040\000W\000o\000r\000k}{chapter.8}% 85
\BOOKMARK [2][]{subsection.8.2.1}{\376\377\0008\000.\0002\000.\0001\000\040\000H\000y\000b\000r\000i\000d\000\040\000M\000e\000t\000r\000i\000c\000s}{section.8.2}% 86
\BOOKMARK [2][]{subsection.8.2.2}{\376\377\0008\000.\0002\000.\0002\000\040\000G\000e\000n\000e\000r\000a\000l\000i\000z\000a\000t\000i\000o\000n\000\040\000A\000c\000r\000o\000s\000s\000\040\000D\000a\000t\000a\000s\000e\000t\000s}{section.8.2}% 87
\BOOKMARK [2][]{subsection.8.2.3}{\376\377\0008\000.\0002\000.\0003\000\040\000A\000d\000a\000p\000t\000i\000n\000g\000\040\000t\000o\000\040\000E\000m\000e\000r\000g\000i\000n\000g\000\040\000D\000i\000s\000t\000o\000r\000t\000i\000o\000n\000\040\000T\000y\000p\000e\000s}{section.8.2}% 88
\BOOKMARK [2][]{subsection.8.2.4}{\376\377\0008\000.\0002\000.\0004\000\040\000R\000e\000a\000l\000-\000T\000i\000m\000e\000\040\000A\000p\000p\000l\000i\000c\000a\000t\000i\000o\000n\000s}{section.8.2}% 89
\BOOKMARK [2][]{subsection.8.2.5}{\376\377\0008\000.\0002\000.\0005\000\040\000I\000n\000t\000e\000g\000r\000a\000t\000i\000o\000n\000\040\000w\000i\000t\000h\000\040\000H\000u\000m\000a\000n\000-\000P\000e\000r\000c\000e\000p\000t\000i\000o\000n\000\040\000M\000o\000d\000e\000l\000s}{section.8.2}% 90
\BOOKMARK [1][]{section.8.3}{\376\377\0008\000.\0003\000\040\000F\000i\000n\000a\000l\000\040\000R\000e\000m\000a\000r\000k\000s}{chapter.8}% 91
\BOOKMARK [0][]{appendix.A}{\376\377\000A\000\040\000S\000a\000m\000p\000l\000e\000\040\000A\000p\000p\000e\000n\000d\000i\000x}{}% 92
